[0m19:36:08.274240 [debug] [MainThread]: Sending event: {'category': 'dbt', 'action': 'invocation', 'label': 'start', 'context': [<snowplow_tracker.self_describing_json.SelfDescribingJson object at 0x107a69010>, <snowplow_tracker.self_describing_json.SelfDescribingJson object at 0x108bf7610>, <snowplow_tracker.self_describing_json.SelfDescribingJson object at 0x108bf7890>]}


============================== 19:36:08.281827 | fbc59d5b-2d34-44a8-8310-5ef39863d89e ==============================
[0m19:36:08.281827 [info ] [MainThread]: Running with dbt=1.11.2
[0m19:36:08.282979 [debug] [MainThread]: running dbt with arguments {'fail_fast': 'False', 'introspect': 'True', 'profiles_dir': '/Users/gustavocamacho/.dbt', 'target_path': 'None', 'indirect_selection': 'eager', 'empty': 'None', 'send_anonymous_usage_stats': 'True', 'no_print': 'None', 'cache_selected_only': 'False', 'warn_error_options': 'WarnErrorOptionsV2(error=[], warn=[], silence=[])', 'debug': 'False', 'printer_width': '80', 'write_json': 'True', 'static_parser': 'True', 'quiet': 'False', 'log_format': 'default', 'partial_parse': 'True', 'log_path': 'logs', 'warn_error': 'None', 'log_cache_events': 'False', 'use_colors': 'True', 'invocation_command': 'dbt init', 'use_experimental_parser': 'False', 'version_check': 'True'}
[0m19:36:08.319166 [info ] [MainThread]: Creating dbt configuration folder at /Users/gustavocamacho/.dbt
[0m19:36:25.367393 [debug] [MainThread]: Starter project path: /Users/gustavocamacho/Desktop/Deskk/High-Dimensional-Supply-Chain-Inventory/dbt_project/dbt_env/lib/python3.13/site-packages/dbt/include/starter_project
[0m19:36:25.398249 [info ] [MainThread]: 
Your new dbt project "dbt_test" was created!

For more information on how to configure the profiles.yml file,
please consult the dbt documentation here:

  https://docs.getdbt.com/docs/configure-your-profile

One more thing:

Need help? Don't hesitate to reach out to us via GitHub issues or on Slack:

  https://community.getdbt.com/

Happy modeling!

[0m19:36:25.399189 [info ] [MainThread]: Setting up your profile.
[0m19:36:37.538902 [error] [MainThread]: Encountered an error:
list index out of range
[0m19:36:37.544527 [error] [MainThread]: Traceback (most recent call last):
  File "/Users/gustavocamacho/Desktop/Deskk/High-Dimensional-Supply-Chain-Inventory/dbt_project/dbt_env/lib/python3.13/site-packages/dbt/cli/requires.py", line 182, in wrapper
    result, success = func(*args, **kwargs)
                      ~~~~^^^^^^^^^^^^^^^^^
  File "/Users/gustavocamacho/Desktop/Deskk/High-Dimensional-Supply-Chain-Inventory/dbt_project/dbt_env/lib/python3.13/site-packages/dbt/cli/requires.py", line 128, in wrapper
    return func(*args, **kwargs)
  File "/Users/gustavocamacho/Desktop/Deskk/High-Dimensional-Supply-Chain-Inventory/dbt_project/dbt_env/lib/python3.13/site-packages/dbt/cli/main.py", line 483, in init
    results = task.run()
  File "/Users/gustavocamacho/Desktop/Deskk/High-Dimensional-Supply-Chain-Inventory/dbt_project/dbt_env/lib/python3.13/site-packages/dbt/task/init.py", line 346, in run
    self.setup_profile(profile_name)
    ~~~~~~~~~~~~~~~~~~^^^^^^^^^^^^^^
  File "/Users/gustavocamacho/Desktop/Deskk/High-Dimensional-Supply-Chain-Inventory/dbt_project/dbt_env/lib/python3.13/site-packages/dbt/task/init.py", line 261, in setup_profile
    adapter = self.ask_for_adapter_choice()
  File "/Users/gustavocamacho/Desktop/Deskk/High-Dimensional-Supply-Chain-Inventory/dbt_project/dbt_env/lib/python3.13/site-packages/dbt/task/init.py", line 243, in ask_for_adapter_choice
    return available_adapters[numeric_choice - 1]
           ~~~~~~~~~~~~~~~~~~^^^^^^^^^^^^^^^^^^^^
IndexError: list index out of range

[0m19:36:37.549221 [debug] [MainThread]: Resource report: {"command_name": "init", "command_success": false, "command_wall_clock_time": 29.460238, "process_in_blocks": "0", "process_kernel_time": 0.518938, "process_mem_max_rss": "103075840", "process_out_blocks": "0", "process_user_time": 2.481712}
[0m19:36:37.550612 [debug] [MainThread]: Command `dbt init` failed at 19:36:37.550205 after 29.46 seconds
[0m19:36:37.551512 [debug] [MainThread]: Sending event: {'category': 'dbt', 'action': 'invocation', 'label': 'end', 'context': [<snowplow_tracker.self_describing_json.SelfDescribingJson object at 0x108ce03e0>, <snowplow_tracker.self_describing_json.SelfDescribingJson object at 0x108caac30>, <snowplow_tracker.self_describing_json.SelfDescribingJson object at 0x108a7e9c0>]}
[0m19:36:37.552426 [debug] [MainThread]: Flushing usage events
[0m19:36:38.133485 [debug] [MainThread]: An error was encountered while trying to flush usage events
[0m19:50:50.149894 [debug] [MainThread]: Sending event: {'category': 'dbt', 'action': 'invocation', 'label': 'start', 'context': [<snowplow_tracker.self_describing_json.SelfDescribingJson object at 0x10bc9acf0>, <snowplow_tracker.self_describing_json.SelfDescribingJson object at 0x10ddcb890>, <snowplow_tracker.self_describing_json.SelfDescribingJson object at 0x10ddcb750>]}


============================== 19:50:50.156220 | f994907d-5bad-4152-9837-dbb635fdee4c ==============================
[0m19:50:50.156220 [info ] [MainThread]: Running with dbt=1.7.19
[0m19:50:50.156998 [debug] [MainThread]: running dbt with arguments {'printer_width': '80', 'indirect_selection': 'eager', 'log_cache_events': 'False', 'write_json': 'True', 'partial_parse': 'True', 'cache_selected_only': 'False', 'warn_error': 'None', 'fail_fast': 'False', 'debug': 'False', 'log_path': 'logs', 'version_check': 'True', 'profiles_dir': '/Users/gustavocamacho/.dbt', 'use_colors': 'True', 'use_experimental_parser': 'False', 'no_print': 'None', 'quiet': 'False', 'log_format': 'default', 'introspect': 'True', 'invocation_command': 'dbt init', 'static_parser': 'True', 'target_path': 'None', 'warn_error_options': 'WarnErrorOptions(include=[], exclude=[])', 'send_anonymous_usage_stats': 'True'}
[0m19:50:56.247184 [debug] [MainThread]: Starter project path: /Users/gustavocamacho/Desktop/Deskk/High-Dimensional-Supply-Chain-Inventory/dbt_project/dbt_env/lib/python3.13/site-packages/dbt/include/starter_project
[0m19:50:56.263378 [info ] [MainThread]: 
Your new dbt project "dbt_demo" was created!

For more information on how to configure the profiles.yml file,
please consult the dbt documentation here:

  https://docs.getdbt.com/docs/configure-your-profile

One more thing:

Need help? Don't hesitate to reach out to us via GitHub issues or on Slack:

  https://community.getdbt.com/

Happy modeling!

[0m19:50:56.264038 [info ] [MainThread]: Setting up your profile.
[0m19:51:10.678920 [info ] [MainThread]: Profile dbt_demo written to /Users/gustavocamacho/.dbt/profiles.yml using target's sample configuration. Once updated, you'll be able to start developing with dbt.
[0m19:51:10.681408 [debug] [MainThread]: Resource report: {"command_name": "init", "command_success": true, "command_wall_clock_time": 20.604887, "process_user_time": 2.219532, "process_kernel_time": 0.355546, "process_mem_max_rss": "104996864", "process_in_blocks": "0", "process_out_blocks": "0"}
[0m19:51:10.682261 [debug] [MainThread]: Command `dbt init` succeeded at 19:51:10.681957 after 20.61 seconds
[0m19:51:10.683035 [debug] [MainThread]: Sending event: {'category': 'dbt', 'action': 'invocation', 'label': 'end', 'context': [<snowplow_tracker.self_describing_json.SelfDescribingJson object at 0x10943eea0>, <snowplow_tracker.self_describing_json.SelfDescribingJson object at 0x10dfc55b0>, <snowplow_tracker.self_describing_json.SelfDescribingJson object at 0x10df99ae0>]}
[0m19:51:10.683758 [debug] [MainThread]: Flushing usage events
[0m20:01:52.347714 [debug] [MainThread]: Sending event: {'category': 'dbt', 'action': 'invocation', 'label': 'start', 'context': [<snowplow_tracker.self_describing_json.SelfDescribingJson object at 0x10657acf0>, <snowplow_tracker.self_describing_json.SelfDescribingJson object at 0x1086ab610>, <snowplow_tracker.self_describing_json.SelfDescribingJson object at 0x1086ab890>]}


============================== 20:01:52.353548 | 29792f23-5bda-4acf-ba1f-56e5c73bd1c1 ==============================
[0m20:01:52.353548 [info ] [MainThread]: Running with dbt=1.7.19
[0m20:01:52.354324 [debug] [MainThread]: running dbt with arguments {'printer_width': '80', 'indirect_selection': 'eager', 'log_cache_events': 'False', 'write_json': 'True', 'partial_parse': 'True', 'cache_selected_only': 'False', 'warn_error': 'None', 'fail_fast': 'False', 'version_check': 'True', 'log_path': 'logs', 'debug': 'False', 'profiles_dir': '/Users/gustavocamacho/.dbt', 'use_colors': 'True', 'use_experimental_parser': 'False', 'no_print': 'None', 'quiet': 'False', 'warn_error_options': 'WarnErrorOptions(include=[], exclude=[])', 'static_parser': 'True', 'introspect': 'True', 'invocation_command': 'dbt run', 'target_path': 'None', 'log_format': 'default', 'send_anonymous_usage_stats': 'True'}
[0m20:01:52.355072 [error] [MainThread]: Encountered an error:
Runtime Error
  No dbt_project.yml found at expected path /Users/gustavocamacho/Desktop/Deskk/High-Dimensional-Supply-Chain-Inventory/dbt_project/dbt_project.yml
  Verify that each entry within packages.yml (and their transitive dependencies) contains a file named dbt_project.yml
  
[0m20:01:52.357540 [debug] [MainThread]: Resource report: {"command_name": "run", "command_wall_clock_time": 0.0868649, "process_user_time": 2.069903, "process_kernel_time": 0.311894, "process_mem_max_rss": "101384192", "command_success": false, "process_in_blocks": "0", "process_out_blocks": "0"}
[0m20:01:52.358287 [debug] [MainThread]: Command `dbt run` failed at 20:01:52.358090 after 0.09 seconds
[0m20:01:52.358845 [debug] [MainThread]: Sending event: {'category': 'dbt', 'action': 'invocation', 'label': 'end', 'context': [<snowplow_tracker.self_describing_json.SelfDescribingJson object at 0x108552780>, <snowplow_tracker.self_describing_json.SelfDescribingJson object at 0x1086e28d0>, <snowplow_tracker.self_describing_json.SelfDescribingJson object at 0x108547bd0>]}
[0m20:01:52.359387 [debug] [MainThread]: Flushing usage events
[0m16:40:30.164258 [debug] [MainThread]: Sending event: {'category': 'dbt', 'action': 'invocation', 'label': 'start', 'context': [<snowplow_tracker.self_describing_json.SelfDescribingJson object at 0x10caf6cf0>, <snowplow_tracker.self_describing_json.SelfDescribingJson object at 0x10ebdb610>, <snowplow_tracker.self_describing_json.SelfDescribingJson object at 0x10ebdb890>]}


============================== 16:40:30.169797 | 1b43c58c-0220-4abe-9346-691db787cea4 ==============================
[0m16:40:30.169797 [info ] [MainThread]: Running with dbt=1.7.19
[0m16:40:30.170456 [debug] [MainThread]: running dbt with arguments {'printer_width': '80', 'indirect_selection': 'eager', 'write_json': 'True', 'log_cache_events': 'False', 'partial_parse': 'True', 'cache_selected_only': 'False', 'warn_error': 'None', 'debug': 'False', 'fail_fast': 'False', 'log_path': 'logs', 'version_check': 'True', 'profiles_dir': '/Users/gustavocamacho/.dbt', 'use_colors': 'True', 'use_experimental_parser': 'False', 'no_print': 'None', 'quiet': 'False', 'warn_error_options': 'WarnErrorOptions(include=[], exclude=[])', 'introspect': 'True', 'log_format': 'default', 'invocation_command': 'dbt run', 'target_path': 'None', 'static_parser': 'True', 'send_anonymous_usage_stats': 'True'}
[0m16:40:30.171074 [error] [MainThread]: Encountered an error:
Runtime Error
  No dbt_project.yml found at expected path /Users/gustavocamacho/Desktop/Deskk/High-Dimensional-Supply-Chain-Inventory/dbt_project/dbt_project.yml
  Verify that each entry within packages.yml (and their transitive dependencies) contains a file named dbt_project.yml
  
[0m16:40:30.303870 [debug] [MainThread]: Resource report: {"command_name": "run", "command_wall_clock_time": 0.2126094, "process_user_time": 1.899837, "process_kernel_time": 0.379058, "process_mem_max_rss": "102318080", "command_success": false, "process_in_blocks": "0", "process_out_blocks": "0"}
[0m16:40:30.304514 [debug] [MainThread]: Command `dbt run` failed at 16:40:30.304356 after 0.21 seconds
[0m16:40:30.304987 [debug] [MainThread]: Sending event: {'category': 'dbt', 'action': 'invocation', 'label': 'end', 'context': [<snowplow_tracker.self_describing_json.SelfDescribingJson object at 0x10ea86780>, <snowplow_tracker.self_describing_json.SelfDescribingJson object at 0x10ec1e8d0>, <snowplow_tracker.self_describing_json.SelfDescribingJson object at 0x10ea7bbd0>]}
[0m16:40:30.305523 [debug] [MainThread]: Flushing usage events
[0m20:10:50.883162 [debug] [MainThread]: Sending event: {'category': 'dbt', 'action': 'invocation', 'label': 'start', 'context': [<snowplow_tracker.self_describing_json.SelfDescribingJson object at 0x10926cad0>, <snowplow_tracker.self_describing_json.SelfDescribingJson object at 0x10a387610>, <snowplow_tracker.self_describing_json.SelfDescribingJson object at 0x10a387890>]}


============================== 20:10:50.893489 | 2dba4870-3b2d-4ec0-8fff-63e255586978 ==============================
[0m20:10:50.893489 [info ] [MainThread]: Running with dbt=1.11.2
[0m20:10:50.894540 [debug] [MainThread]: running dbt with arguments {'warn_error': 'None', 'send_anonymous_usage_stats': 'True', 'log_cache_events': 'False', 'fail_fast': 'False', 'debug': 'False', 'warn_error_options': 'WarnErrorOptionsV2(error=[], warn=[], silence=[])', 'empty': 'False', 'target_path': 'None', 'introspect': 'True', 'no_print': 'None', 'quiet': 'False', 'printer_width': '80', 'log_path': 'logs', 'partial_parse': 'True', 'indirect_selection': 'eager', 'use_experimental_parser': 'False', 'profiles_dir': '/Users/gustavocamacho/.dbt', 'cache_selected_only': 'False', 'write_json': 'True', 'invocation_command': 'dbt run', 'version_check': 'True', 'use_colors': 'True', 'static_parser': 'True', 'log_format': 'default'}
[0m20:10:50.895437 [error] [MainThread]: Encountered an error:
Runtime Error
  No dbt_project.yml found at expected path /Users/gustavocamacho/Desktop/Deskk/High-Dimensional-Supply-Chain-Inventory/dbt_project/dbt_project.yml
  Verify that each entry within packages.yml (and their transitive dependencies) contains a file named dbt_project.yml
  
[0m20:10:51.080265 [debug] [MainThread]: Resource report: {"command_name": "run", "command_success": false, "command_wall_clock_time": 0.33081496, "process_in_blocks": "0", "process_kernel_time": 0.427197, "process_mem_max_rss": "102973440", "process_out_blocks": "0", "process_user_time": 2.124095}
[0m20:10:51.081150 [debug] [MainThread]: Command `dbt run` failed at 20:10:51.080981 after 0.33 seconds
[0m20:10:51.081710 [debug] [MainThread]: Sending event: {'category': 'dbt', 'action': 'invocation', 'label': 'end', 'context': [<snowplow_tracker.self_describing_json.SelfDescribingJson object at 0x10a38eb10>, <snowplow_tracker.self_describing_json.SelfDescribingJson object at 0x10a3c96d0>, <snowplow_tracker.self_describing_json.SelfDescribingJson object at 0x10a202e00>]}
[0m20:10:51.082288 [debug] [MainThread]: Flushing usage events
[0m20:10:52.731487 [debug] [MainThread]: An error was encountered while trying to flush usage events
